#
# There is insufficient memory for the Java Runtime Environment to continue.
# Native memory allocation (mmap) failed to map 134217728 bytes for G1 virtual space
# Possible reasons:
#   The system is out of physical RAM or swap space
#   The process is running with CompressedOops enabled, and the Java Heap may be blocking the growth of the native heap
# Possible solutions:
#   Reduce memory load on the system
#   Increase physical memory or swap space
#   Check if swap backing store is full
#   Decrease Java heap size (-Xmx/-Xms)
#   Decrease number of Java threads
#   Decrease Java thread stack sizes (-Xss)
#   Set larger code cache with -XX:ReservedCodeCacheSize=
#   JVM is running with Unscaled Compressed Oops mode in which the Java heap is
#     placed in the first 4GB address space. The Java Heap base address is the
#     maximum limit for the native heap growth. Please use -XX:HeapBaseMinAddress
#     to set the Java Heap base and to place the Java Heap above 4GB virtual address.
# This output file may be truncated or incomplete.
#
#  Out of Memory Error (os_windows.cpp:3771), pid=9628, tid=10564
#
# JRE version:  (17.0.7) (build )
# Java VM: OpenJDK 64-Bit Server VM (17.0.7+0-b2043.56-10550314, mixed mode, sharing, tiered, compressed oops, compressed class ptrs, g1 gc, windows-amd64)
# No core dump will be written. Minidumps are not enabled by default on client versions of Windows
#

---------------  S U M M A R Y ------------

Command Line: 

Host: Intel(R) Core(TM) i3-6100 CPU @ 3.70GHz, 4 cores, 7G,  Windows 11 , 64 bit Build 22621 (10.0.22621.3371)
Time: Thu Aug 15 04:51:27 2024 Pacific Daylight Time elapsed time: 0.008307 seconds (0d 0h 0m 0s)

---------------  T H R E A D  ---------------

Current thread (0x000001842ec80660):  JavaThread "Unknown thread" [_thread_in_vm, id=10564, stack(0x0000007f58200000,0x0000007f58300000)]

Stack: [0x0000007f58200000,0x0000007f58300000]
Native frames: (J=compiled Java code, j=interpreted, Vv=VM code, C=native code)
V  [jvm.dll+0x683bfa]
V  [jvm.dll+0x8430a4]
V  [jvm.dll+0x8449be]
V  [jvm.dll+0x845023]
V  [jvm.dll+0x24ad2f]
V  [jvm.dll+0x680ac9]
V  [jvm.dll+0x67519a]
V  [jvm.dll+0x30b3cb]
V  [jvm.dll+0x312876]
V  [jvm.dll+0x36221e]
V  [jvm.dll+0x36244f]
V  [jvm.dll+0x2e14a8]
V  [jvm.dll+0x2e2414]
V  [jvm.dll+0x814391]
V  [jvm.dll+0x36ffe1]
V  [jvm.dll+0x7f396c]
V  [jvm.dll+0x3f305f]
V  [jvm.dll+0x3f4b91]
C  [jli.dll+0x528f]
C  [ucrtbase.dll+0x29333]
C  [KERNEL32.DLL+0x1257d]
C  [ntdll.dll+0x5aa48]


---------------  P R O C E S S  ---------------

Threads class SMR info:
_java_thread_list=0x00007ff96562d098, length=0, elements={
}

Java Threads: ( => current thread )

Other Threads:
  0x000001842ecdb9c0 GCTaskThread "GC Thread#0" [stack: 0x0000007f58300000,0x0000007f58400000] [id=4200]
  0x000001842ecee5f0 ConcurrentGCThread "G1 Main Marker" [stack: 0x0000007f58400000,0x0000007f58500000] [id=10500]
  0x000001842ecef7a0 ConcurrentGCThread "G1 Conc#0" [stack: 0x0000007f58500000,0x0000007f58600000] [id=8708]

[error occurred during error reporting (printing all threads), id 0xc0000005, EXCEPTION_ACCESS_VIOLATION (0xc0000005) at pc=0x00007ff964de2087]

VM state: not at safepoint (not fully initialized)

VM Mutex/Monitor currently owned by a thread:  ([mutex/lock_event])
[0x000001842ec7cf10] Heap_lock - owner thread: 0x000001842ec80660

Heap address: 0x0000000081a00000, size: 2022 MB, Compressed Oops mode: 32-bit

CDS archive(s) mapped at: [0x0000000000000000-0x0000000000000000-0x0000000000000000), size 0, SharedBaseAddress: 0x0000000800000000, ArchiveRelocationMode: 0.
Narrow klass base: 0x0000000000000000, Narrow klass shift: 0, Narrow klass range: 0x0

GC Precious Log:
<Empty>

Heap:
 garbage-first heap   total 0K, used 0K [0x0000000081a00000, 0x0000000100000000)
  region size 1024K, 0 young (0K), 0 survivors (0K)
 Metaspace       used 0K, committed 0K, reserved 0K
  class space    used 0K, committed 0K, reserved 0K

Heap Regions: E=young(eden), S=young(survivor), O=old, HS=humongous(starts), HC=humongous(continues), CS=collection set, F=free, OA=open archive, CA=closed archive, TAMS=top-at-mark-start (previous, next)

Card table byte_map: [0x0000018443390000,0x0000018443790000] _byte_map_base: 0x0000018442f83000

Marking Bits (Prev, Next): (CMBitMap*) 0x000001842ecdbfe0, (CMBitMap*) 0x000001842ecdc020
 Prev Bits: [0x0000018443b90000, 0x0000018445b28000)
 Next Bits: [0x0000018445b30000, 0x0000018447ac8000)

GC Heap History (0 events):
No events

Dll operation events (1 events):
Event: 0.005 Loaded shared library C:\Program Files\Android\Android Studio\jbr\bin\java.dll

Deoptimization events (0 events):
No events

Classes unloaded (0 events):
No events

Classes redefined (0 events):
No events

Internal exceptions (0 events):
No events

VM Operations (0 events):
No events

Events (0 events):
No events


Dynamic libraries:
0x00007ff6a3710000 - 0x00007ff6a371a000 	C:\Program Files\Android\Android Studio\jbr\bin\java.EXE
0x00007ff9c1250000 - 0x00007ff9c1466000 	C:\Windows\SYSTEM32\ntdll.dll
0x00007ff9c01d0000 - 0x00007ff9c0294000 	C:\Windows\System32\KERNEL32.DLL
0x00007ff9be9c0000 - 0x00007ff9bed67000 	C:\Windows\System32\KERNELBASE.dll
0x00007ff9be870000 - 0x00007ff9be981000 	C:\Windows\System32\ucrtbase.dll
0x00007ff9a6060000 - 0x00007ff9a607b000 	C:\Program Files\Android\Android Studio\jbr\bin\VCRUNTIME140.dll
0x00007ff9a6080000 - 0x00007ff9a6097000 	C:\Program Files\Android\Android Studio\jbr\bin\jli.dll
0x00007ff9c0450000 - 0x00007ff9c05fe000 	C:\Windows\System32\USER32.dll
0x00007ff9bed70000 - 0x00007ff9bed96000 	C:\Windows\System32\win32u.dll
0x00007ff9a1bc0000 - 0x00007ff9a1e53000 	C:\Windows\WinSxS\amd64_microsoft.windows.common-controls_6595b64144ccf1df_6.0.22621.3235_none_270f74e173860f98\COMCTL32.dll
0x00007ff9bf410000 - 0x00007ff9bf439000 	C:\Windows\System32\GDI32.dll
0x00007ff9bfd30000 - 0x00007ff9bfdd7000 	C:\Windows\System32\msvcrt.dll
0x00007ff9be570000 - 0x00007ff9be689000 	C:\Windows\System32\gdi32full.dll
0x00007ff9be690000 - 0x00007ff9be72a000 	C:\Windows\System32\msvcp_win.dll
0x00007ff9c0e10000 - 0x00007ff9c0e41000 	C:\Windows\System32\IMM32.DLL
0x00007ff9b59d0000 - 0x00007ff9b59dc000 	C:\Program Files\Android\Android Studio\jbr\bin\vcruntime140_1.dll
0x00007ff9a5bb0000 - 0x00007ff9a5c3d000 	C:\Program Files\Android\Android Studio\jbr\bin\msvcp140.dll
0x00007ff964af0000 - 0x00007ff965770000 	C:\Program Files\Android\Android Studio\jbr\bin\server\jvm.dll
0x00007ff9c0d50000 - 0x00007ff9c0e02000 	C:\Windows\System32\ADVAPI32.dll
0x00007ff9c0f70000 - 0x00007ff9c1018000 	C:\Windows\System32\sechost.dll
0x00007ff9be990000 - 0x00007ff9be9b8000 	C:\Windows\System32\bcrypt.dll
0x00007ff9c0e50000 - 0x00007ff9c0f65000 	C:\Windows\System32\RPCRT4.dll
0x00007ff9b4a20000 - 0x00007ff9b4a54000 	C:\Windows\SYSTEM32\WINMM.dll
0x00007ff9a3cd0000 - 0x00007ff9a3cd9000 	C:\Windows\SYSTEM32\WSOCK32.dll
0x00007ff9b94d0000 - 0x00007ff9b94da000 	C:\Windows\SYSTEM32\VERSION.dll
0x00007ff9c0a50000 - 0x00007ff9c0ac1000 	C:\Windows\System32\WS2_32.dll
0x00007ff9bd580000 - 0x00007ff9bd598000 	C:\Windows\SYSTEM32\kernel.appcore.dll
0x00007ff9b4590000 - 0x00007ff9b459a000 	C:\Program Files\Android\Android Studio\jbr\bin\jimage.dll
0x00007ff9978d0000 - 0x00007ff997b03000 	C:\Windows\SYSTEM32\DBGHELP.DLL
0x00007ff9c0600000 - 0x00007ff9c0988000 	C:\Windows\System32\combase.dll
0x00007ff9bfeb0000 - 0x00007ff9bff87000 	C:\Windows\System32\OLEAUT32.dll
0x00007ff9a4f60000 - 0x00007ff9a4f92000 	C:\Windows\SYSTEM32\dbgcore.DLL
0x00007ff9be7f0000 - 0x00007ff9be869000 	C:\Windows\System32\bcryptPrimitives.dll
0x00007ff9a5f40000 - 0x00007ff9a5f65000 	C:\Program Files\Android\Android Studio\jbr\bin\java.dll

dbghelp: loaded successfully - version: 4.0.5 - missing functions: none
symbol engine: initialized successfully - sym options: 0x614 - pdb path: .;C:\Program Files\Android\Android Studio\jbr\bin;C:\Windows\SYSTEM32;C:\Windows\WinSxS\amd64_microsoft.windows.common-controls_6595b64144ccf1df_6.0.22621.3235_none_270f74e173860f98;C:\Program Files\Android\Android Studio\jbr\bin\server

VM Arguments:
java_command: <unknown>
java_class_path (initial): <not set>
Launcher Type: SUN_STANDARD

[Global flags]
     intx CICompilerCount                          = 3                                         {product} {ergonomic}
     uint ConcGCThreads                            = 1                                         {product} {ergonomic}
     uint G1ConcRefinementThreads                  = 4                                         {product} {ergonomic}
   size_t G1HeapRegionSize                         = 1048576                                   {product} {ergonomic}
    uintx GCDrainStackTargetSize                   = 64                                        {product} {ergonomic}
   size_t InitialHeapSize                          = 134217728                                 {product} {ergonomic}
   size_t MarkStackSize                            = 4194304                                   {product} {ergonomic}
   size_t MaxHeapSize                              = 2120220672                                {product} {ergonomic}
   size_t MinHeapDeltaBytes                        = 1048576                                   {product} {ergonomic}
   size_t MinHeapSize                              = 8388608                                   {product} {ergonomic}
    uintx NonNMethodCodeHeapSize                   = 5832780                                {pd product} {ergonomic}
    uintx NonProfiledCodeHeapSize                  = 122912730                              {pd product} {ergonomic}
    uintx ProfiledCodeHeapSize                     = 122912730                              {pd product} {ergonomic}
    uintx ReservedCodeCacheSize                    = 251658240                              {pd product} {ergonomic}
     bool SegmentedCodeCache                       = true                                      {product} {ergonomic}
   size_t SoftMaxHeapSize                          = 2120220672                             {manageable} {ergonomic}
     bool UseCompressedClassPointers               = true                           {product lp64_product} {ergonomic}
     bool UseCompressedOops                        = true                           {product lp64_product} {ergonomic}
     bool UseG1GC                                  = true                                      {product} {ergonomic}
     bool UseLargePagesIndividualAllocation        = false                                  {pd product} {ergonomic}

Logging:
Log output configuration:
 #0: stdout all=warning uptime,level,tags
 #1: stderr all=off uptime,level,tags

Environment Variables:
JAVA_HOME=C:\Program Files\Java\jdk-19
PATH=C:\Src\flutter\bin\;C:\Program Files\Eclipse Adoptium\jdk-21.0.4.7-hotspot\bin;C:\Program Files\Java\jdk-19\bin;C:\Program Files\Common Files\Oracle\Java\javapath;C:\Windows\system32;C:\Windows;C:\Windows\System32\Wbem;C:\Windows\System32\WindowsPowerShell\v1.0\;C:\Windows\System32\OpenSSH\;C:\Program Files\Git\cmd;C:\Program Files\Git\bin;C:\Program Files\Git\cmd;C:\Program Files\Java\jdk-22\bin;C:\Users\Admin\AppData\Local\Microsoft\WindowsApps;C:\Users\Admin\AppData\Local\Programs\Microsoft VS Code\bin;C:\Src\flutter\bin;C:\Program Files\Java\jdk-19\bin;C:\Users\Admin\AppData\Local\Android\Sdk\build-tools\30.0.3;;C:\Src\flutter\bin\mingit\cmd
USERNAME=Admin
LANG=en_US.UTF-8
OS=Windows_NT
PROCESSOR_IDENTIFIER=Intel64 Family 6 Model 94 Stepping 3, GenuineIntel
TMP=C:\Users\Admin\AppData\Local\Temp
TEMP=C:\Users\Admin\AppData\Local\Temp


JNI global refs:
JNI global refs: 0, weak refs: 0

JNI global refs memory usage: 0, weak refs: 0

OOME stack traces (most recent first):
Classloader memory used:


---------------  S Y S T E M  ---------------

OS:
 Windows 11 , 64 bit Build 22621 (10.0.22621.3371)
OS uptime: 0 days 5:55 hours
Hyper-V role detected

CPU: total 4 (initial active 4) (2 cores per cpu, 2 threads per core) family 6 model 94 stepping 3 microcode 0xf0, cx8, cmov, fxsr, ht, mmx, 3dnowpref, sse, sse2, sse3, ssse3, sse4.1, sse4.2, popcnt, lzcnt, tsc, tscinvbit, avx, avx2, aes, erms, clmul, bmi1, bmi2, adx, fma, vzeroupper, clflush, clflushopt, hv

Memory: 4k page, system-wide physical 8083M (284M free)
TotalPageFile size 16275M (AvailPageFile size 92M)
current process WorkingSet (physical memory assigned to process): 11M, peak: 11M
current process commit charge ("private bytes"): 52M, peak: 179M

vm_info: OpenJDK 64-Bit Server VM (17.0.7+0-b2043.56-10550314) for windows-amd64 JRE (17.0.7+0-b2043.56-10550314), built on Jul 24 2023 18:27:45 by "androidbuild" with MS VC++ 16.10 / 16.11 (VS2019)

END.
